[0417/030742.136:ERROR:mf_helpers.cc(14)] Error in dxva_video_decode_accelerator_win.cc on line 1612
[0417/030742.136:ERROR:mf_helpers.cc(14)] Error in dxva_video_decode_accelerator_win.cc on line 842
[0417/030742.187:WARNING:angle_platform_impl.cc(52)] compileToBinary(230): 
C:\fakepath(69,8-58): warning X3571: pow(f, e) will not work for negative f, use abs(f) or conditionally handle negative values if you expect them
C:\fakepath(77,9-43): warning X3571: pow(f, e) will not work for negative f, use abs(f) or conditionally handle negative values if you expect them

[0417/031608.458:ERROR:mf_helpers.cc(14)] Error in dxva_video_decode_accelerator_win.cc on line 1612
[0417/031608.458:ERROR:mf_helpers.cc(14)] Error in dxva_video_decode_accelerator_win.cc on line 842
[0417/035639.848:ERROR:mf_helpers.cc(14)] Error in dxva_video_decode_accelerator_win.cc on line 1612
[0417/035639.848:ERROR:mf_helpers.cc(14)] Error in dxva_video_decode_accelerator_win.cc on line 842
[0417/160219.451:ERROR:mf_helpers.cc(14)] Error in dxva_video_decode_accelerator_win.cc on line 1612
[0417/160219.452:ERROR:mf_helpers.cc(14)] Error in dxva_video_decode_accelerator_win.cc on line 842
[0417/163748.328:ERROR:mf_helpers.cc(14)] Error in dxva_video_decode_accelerator_win.cc on line 1612
[0417/163748.328:ERROR:mf_helpers.cc(14)] Error in dxva_video_decode_accelerator_win.cc on line 842
[0417/234235.630:WARNING:dns_config_service_win.cc(668)] Failed to read DnsConfig.
[0418/015709.845:WARNING:dns_config_service_win.cc(668)] Failed to read DnsConfig.
[0418/015714.866:WARNING:dns_config_service_win.cc(668)] Failed to read DnsConfig.
[0418/192618.778:WARNING:dns_config_service_win.cc(668)] Failed to read DnsConfig.
[0419/015619.623:WARNING:dns_config_service_win.cc(668)] Failed to read DnsConfig.
[0419/021103.435:WARNING:ipc_message_attachment_set.cc(49)] MessageAttachmentSet destroyed with unconsumed attachments: 0/1
[0419/021103.560:ERROR:browser_gpu_channel_host_factory.cc(139)] Failed to launch GPU process.
